[14-Sep-2025 01:52:09 Asia/Tehran] POST data received: Array
(
    [username] => admin
    [password] => password
    [csrf_token] => 9b06794a579795795fc7740e6872982744e7877cc637eedd53b1850d992256e4
)

[14-Sep-2025 01:52:09 Asia/Tehran] User found: Array
(
    [id] => 1
    [username] => admin
    [password] => $2y$10$92IXUNpkjO0rOQ5byMi.Ye4oKoEa3Ro9llC/.og/at2.uheWG/igi
    [role] => admin
)

[14-Sep-2025 01:52:09 Asia/Tehran] PHP Fatal error:  Uncaught Error: Call to undefined function verify_password() in /home3/meir123/public_html/planner/login.php:72
Stack trace:
#0 {main}
  thrown in /home3/meir123/public_html/planner/login.php on line 72
[14-Sep-2025 01:52:13 Asia/Tehran] POST data received: Array
(
    [username] => admin
    [password] => password
    [csrf_token] => 9b06794a579795795fc7740e6872982744e7877cc637eedd53b1850d992256e4
)

[14-Sep-2025 01:52:13 Asia/Tehran] User found: Array
(
    [id] => 1
    [username] => admin
    [password] => $2y$10$92IXUNpkjO0rOQ5byMi.Ye4oKoEa3Ro9llC/.og/at2.uheWG/igi
    [role] => admin
)

[14-Sep-2025 01:52:13 Asia/Tehran] PHP Fatal error:  Uncaught Error: Call to undefined function verify_password() in /home3/meir123/public_html/planner/login.php:72
Stack trace:
#0 {main}
  thrown in /home3/meir123/public_html/planner/login.php on line 72
[14-Sep-2025 01:52:16 Asia/Tehran] POST data received: Array
(
    [username] => admin
    [password] => password
    [csrf_token] => 9b06794a579795795fc7740e6872982744e7877cc637eedd53b1850d992256e4
)

[14-Sep-2025 01:52:16 Asia/Tehran] User found: Array
(
    [id] => 1
    [username] => admin
    [password] => $2y$10$92IXUNpkjO0rOQ5byMi.Ye4oKoEa3Ro9llC/.og/at2.uheWG/igi
    [role] => admin
)

[14-Sep-2025 01:52:16 Asia/Tehran] PHP Fatal error:  Uncaught Error: Call to undefined function verify_password() in /home3/meir123/public_html/planner/login.php:72
Stack trace:
#0 {main}
  thrown in /home3/meir123/public_html/planner/login.php on line 72
[14-Sep-2025 01:55:10 Asia/Tehran] PHP Fatal error:  Cannot redeclare gregorian_to_jalali() (previously declared in /home3/meir123/public_html/planner/jdate.php:9) in /home3/meir123/public_html/planner/jdate.php on line 9
[14-Sep-2025 01:55:14 Asia/Tehran] PHP Fatal error:  Cannot redeclare gregorian_to_jalali() (previously declared in /home3/meir123/public_html/planner/jdate.php:9) in /home3/meir123/public_html/planner/jdate.php on line 9
[14-Sep-2025 01:55:15 Asia/Tehran] PHP Fatal error:  Cannot redeclare gregorian_to_jalali() (previously declared in /home3/meir123/public_html/planner/jdate.php:9) in /home3/meir123/public_html/planner/jdate.php on line 9
[14-Sep-2025 01:55:15 Asia/Tehran] PHP Fatal error:  Cannot redeclare gregorian_to_jalali() (previously declared in /home3/meir123/public_html/planner/jdate.php:9) in /home3/meir123/public_html/planner/jdate.php on line 9
[14-Sep-2025 01:55:16 Asia/Tehran] PHP Fatal error:  Cannot redeclare gregorian_to_jalali() (previously declared in /home3/meir123/public_html/planner/jdate.php:9) in /home3/meir123/public_html/planner/jdate.php on line 9
[14-Sep-2025 01:55:16 Asia/Tehran] PHP Fatal error:  Cannot redeclare gregorian_to_jalali() (previously declared in /home3/meir123/public_html/planner/jdate.php:9) in /home3/meir123/public_html/planner/jdate.php on line 9
[14-Sep-2025 01:55:16 Asia/Tehran] PHP Fatal error:  Cannot redeclare gregorian_to_jalali() (previously declared in /home3/meir123/public_html/planner/jdate.php:9) in /home3/meir123/public_html/planner/jdate.php on line 9
[14-Sep-2025 01:55:22 Asia/Tehran] PHP Fatal error:  Uncaught Error: Call to undefined function csrf_field() in /home3/meir123/public_html/planner/users.php:252
Stack trace:
#0 {main}
  thrown in /home3/meir123/public_html/planner/users.php on line 252
[14-Sep-2025 01:55:29 Asia/Tehran] PHP Fatal error:  Uncaught Error: Call to undefined function csrf_field() in /home3/meir123/public_html/planner/users.php:252
Stack trace:
#0 {main}
  thrown in /home3/meir123/public_html/planner/users.php on line 252
[14-Sep-2025 01:55:34 Asia/Tehran] PHP Fatal error:  Cannot redeclare gregorian_to_jalali() (previously declared in /home3/meir123/public_html/planner/jdate.php:9) in /home3/meir123/public_html/planner/jdate.php on line 9
[14-Sep-2025 01:55:46 Asia/Tehran] PHP Fatal error:  Cannot redeclare gregorian_to_jalali() (previously declared in /home3/meir123/public_html/planner/jdate.php:9) in /home3/meir123/public_html/planner/jdate.php on line 9
[14-Sep-2025 01:56:03 Asia/Tehran] PHP Fatal error:  Cannot redeclare gregorian_to_jalali() (previously declared in /home3/meir123/public_html/planner/jdate.php:9) in /home3/meir123/public_html/planner/jdate.php on line 9
[14-Sep-2025 01:56:08 Asia/Tehran] PHP Fatal error:  Cannot redeclare gregorian_to_jalali() (previously declared in /home3/meir123/public_html/planner/jdate.php:9) in /home3/meir123/public_html/planner/jdate.php on line 9
[14-Sep-2025 01:56:09 Asia/Tehran] PHP Fatal error:  Cannot redeclare gregorian_to_jalali() (previously declared in /home3/meir123/public_html/planner/jdate.php:9) in /home3/meir123/public_html/planner/jdate.php on line 9
[14-Sep-2025 01:56:09 Asia/Tehran] PHP Fatal error:  Cannot redeclare gregorian_to_jalali() (previously declared in /home3/meir123/public_html/planner/jdate.php:9) in /home3/meir123/public_html/planner/jdate.php on line 9
[14-Sep-2025 01:56:41 Asia/Tehran] PHP Fatal error:  Cannot redeclare gregorian_to_jalali() (previously declared in /home3/meir123/public_html/planner/jdate.php:9) in /home3/meir123/public_html/planner/jdate.php on line 9
[14-Sep-2025 01:56:47 Asia/Tehran] PHP Fatal error:  Uncaught Error: Call to undefined function csrf_field() in /home3/meir123/public_html/planner/users.php:252
Stack trace:
#0 {main}
  thrown in /home3/meir123/public_html/planner/users.php on line 252
[14-Sep-2025 01:56:48 Asia/Tehran] PHP Fatal error:  Cannot redeclare gregorian_to_jalali() (previously declared in /home3/meir123/public_html/planner/jdate.php:9) in /home3/meir123/public_html/planner/jdate.php on line 9
[14-Sep-2025 01:56:59 Asia/Tehran] PHP Fatal error:  Cannot redeclare gregorian_to_jalali() (previously declared in /home3/meir123/public_html/planner/jdate.php:9) in /home3/meir123/public_html/planner/jdate.php on line 9
[14-Sep-2025 01:57:03 Asia/Tehran] PHP Fatal error:  Cannot redeclare gregorian_to_jalali() (previously declared in /home3/meir123/public_html/planner/jdate.php:9) in /home3/meir123/public_html/planner/jdate.php on line 9
[14-Sep-2025 01:57:04 Asia/Tehran] فرمت تاریخ نامعتبر در format_jalali_date: 2025-09-14 01:37:56
[14-Sep-2025 01:57:04 Asia/Tehran] فرمت تاریخ نامعتبر در format_jalali_date: 2025-09-14 01:37:56
[14-Sep-2025 01:57:04 Asia/Tehran] فرمت تاریخ نامعتبر در format_jalali_date: 2025-08-30 10:04:33
[14-Sep-2025 01:57:04 Asia/Tehran] فرمت تاریخ نامعتبر در format_jalali_date: 2025-08-30 10:04:33
[14-Sep-2025 01:57:04 Asia/Tehran] فرمت تاریخ نامعتبر در format_jalali_date: 2025-08-28 02:55:18
[14-Sep-2025 01:57:04 Asia/Tehran] فرمت تاریخ نامعتبر در format_jalali_date: 2025-08-28 02:55:18
[14-Sep-2025 01:57:04 Asia/Tehran] فرمت تاریخ نامعتبر در format_jalali_date: 2025-08-28 02:54:12
[14-Sep-2025 01:57:04 Asia/Tehran] فرمت تاریخ نامعتبر در format_jalali_date: 2025-08-28 02:54:12
[14-Sep-2025 01:57:04 Asia/Tehran] فرمت تاریخ نامعتبر در format_jalali_date: 2025-08-28 02:54:01
[14-Sep-2025 01:57:04 Asia/Tehran] فرمت تاریخ نامعتبر در format_jalali_date: 2025-08-28 03:00:25
[14-Sep-2025 01:57:05 Asia/Tehran] PHP Fatal error:  Cannot redeclare gregorian_to_jalali() (previously declared in /home3/meir123/public_html/planner/jdate.php:9) in /home3/meir123/public_html/planner/jdate.php on line 9
[14-Sep-2025 01:57:09 Asia/Tehran] PHP Fatal error:  Cannot redeclare gregorian_to_jalali() (previously declared in /home3/meir123/public_html/planner/jdate.php:9) in /home3/meir123/public_html/planner/jdate.php on line 9
[14-Sep-2025 01:57:15 Asia/Tehran] فرمت تاریخ نامعتبر در format_jalali_date: 2025-09-14 01:37:56
[14-Sep-2025 01:57:15 Asia/Tehran] فرمت تاریخ نامعتبر در format_jalali_date: 2025-09-14 01:37:56
[14-Sep-2025 01:57:15 Asia/Tehran] فرمت تاریخ نامعتبر در format_jalali_date: 2025-08-30 10:04:33
[14-Sep-2025 01:57:15 Asia/Tehran] فرمت تاریخ نامعتبر در format_jalali_date: 2025-08-30 10:04:33
[14-Sep-2025 01:57:15 Asia/Tehran] فرمت تاریخ نامعتبر در format_jalali_date: 2025-08-28 02:55:18
[14-Sep-2025 01:57:15 Asia/Tehran] فرمت تاریخ نامعتبر در format_jalali_date: 2025-08-28 02:55:18
[14-Sep-2025 01:57:15 Asia/Tehran] فرمت تاریخ نامعتبر در format_jalali_date: 2025-08-28 02:54:12
[14-Sep-2025 01:57:15 Asia/Tehran] فرمت تاریخ نامعتبر در format_jalali_date: 2025-08-28 02:54:12
[14-Sep-2025 01:57:15 Asia/Tehran] فرمت تاریخ نامعتبر در format_jalali_date: 2025-08-28 02:54:01
[14-Sep-2025 01:57:15 Asia/Tehran] فرمت تاریخ نامعتبر در format_jalali_date: 2025-08-28 03:00:25
[14-Sep-2025 01:57:20 Asia/Tehran] PHP Fatal error:  Cannot redeclare gregorian_to_jalali() (previously declared in /home3/meir123/public_html/planner/jdate.php:9) in /home3/meir123/public_html/planner/jdate.php on line 9
[14-Sep-2025 01:57:23 Asia/Tehran] PHP Fatal error:  Uncaught Error: Call to undefined function jdate() in /home3/meir123/public_html/planner/study_materials.php:440
Stack trace:
#0 {main}
  thrown in /home3/meir123/public_html/planner/study_materials.php on line 440
[14-Sep-2025 01:57:25 Asia/Tehran] PHP Fatal error:  Cannot redeclare gregorian_to_jalali() (previously declared in /home3/meir123/public_html/planner/jdate.php:9) in /home3/meir123/public_html/planner/jdate.php on line 9
[14-Sep-2025 12:11:20 Asia/Tehran] POST data received: Array
(
    [username] => admin
    [password] => password
    [csrf_token] => ff65ea82f69815bd5edc1b5378a884b5621720b5b4c71c4c7d702f72f20a8a93
)

[14-Sep-2025 12:11:20 Asia/Tehran] User found: Array
(
    [id] => 1
    [username] => admin
    [password] => $2y$10$92IXUNpkjO0rOQ5byMi.Ye4oKoEa3Ro9llC/.og/at2.uheWG/igi
    [role] => admin
)

[14-Sep-2025 12:11:20 Asia/Tehran] User logged in successfully: user_id=1, username=admin
[14-Sep-2025 12:11:23 Asia/Tehran] POST data received: Array
(
    [username] => admin
    [password] => password
    [csrf_token] => 5d09c4d36cfdd4b7ac98af181d4a957c78c6a4a1fc6e1fdb77af2c96dd82544e
)

[14-Sep-2025 12:11:23 Asia/Tehran] User found: Array
(
    [id] => 1
    [username] => admin
    [password] => $2y$10$92IXUNpkjO0rOQ5byMi.Ye4oKoEa3Ro9llC/.og/at2.uheWG/igi
    [role] => admin
)

[14-Sep-2025 12:11:23 Asia/Tehran] User logged in successfully: user_id=1, username=admin
[14-Sep-2025 16:55:32 Asia/Tehran] POST data received: Array
(
    [username] => admin
    [password] => password
    [csrf_token] => cac9d0ad4e198763d1e6c259de9eb8781bf35a22a73ea4f1c0a5cff95891bea3
)

[14-Sep-2025 16:55:32 Asia/Tehran] User found: Array
(
    [id] => 1
    [username] => admin
    [password] => $2y$10$92IXUNpkjO0rOQ5byMi.Ye4oKoEa3Ro9llC/.og/at2.uheWG/igi
    [role] => admin
)

[14-Sep-2025 16:55:32 Asia/Tehran] User logged in successfully: user_id=1, username=admin
